<?xml version="1.0" encoding="UTF-8"?>
<!-- Generated by org.testng.reporters.JUnitReportReporter -->
<testsuite skipped="0" hostname="LAPTOP-E83JG8MC" name="Mainproject.SeleniumTest" tests="2" failures="0" timestamp="31 Dec 2020 04:37:11 GMT" time="0.013" errors="0">
  <testcase name="BrowserAutomation" time="0.004" classname="Mainproject.SeleniumTest"/>
  <testcase name="ElementsUI" time="0.009" classname="Mainproject.SeleniumTest"/>
</testsuite> <!-- Mainproject.SeleniumTest -->
