<?xml version="1.0" encoding="UTF-8"?>
<!-- Generated by org.testng.reporters.JUnitReportReporter -->
<testsuite skipped="0" hostname="LAPTOP-E83JG8MC" name="Mainproject.AppiumTest" tests="2" failures="0" timestamp="31 Dec 2020 04:37:11 GMT" time="0.009" errors="0">
  <testcase name="NativeAppAndroid" time="0.004" classname="Mainproject.AppiumTest"/>
  <testcase name="IOSApps" time="0.005" classname="Mainproject.AppiumTest"/>
</testsuite> <!-- Mainproject.AppiumTest -->
