<?xml version="1.0" encoding="UTF-8"?>
<!-- Generated by org.testng.reporters.JUnitReportReporter -->
<testsuite skipped="0" hostname="LAPTOP-E83JG8MC" name="Mainproject.RESTAPITest" tests="2" failures="0" timestamp="31 Dec 2020 04:37:11 GMT" time="0.070" errors="0">
  <testcase name="deleteTwitter" time="0.003" classname="Mainproject.RESTAPITest"/>
  <testcase name="PostJira" time="0.067" classname="Mainproject.RESTAPITest"/>
</testsuite> <!-- Mainproject.RESTAPITest -->
