<?xml version="1.0" encoding="UTF-8"?>
<!-- Generated by org.testng.reporters.JUnitReportReporter -->
<testsuite skipped="0" hostname="LAPTOP-E83JG8MC" name="Mainproject.SeleniumTest" tests="2" failures="0" timestamp="2020-12-31T11:29:31 IST" time="0.003" errors="0">
  <testcase name="BrowserAutomation" time="0.002" classname="Mainproject.SeleniumTest"/>
  <system-out/>
  <testcase name="ElementsUI" time="0.001" classname="Mainproject.SeleniumTest"/>
  <system-out/>
</testsuite> <!-- Mainproject.SeleniumTest -->
