<?xml version="1.0" encoding="UTF-8"?>
<!-- Generated by org.testng.reporters.JUnitReportReporter -->
<testsuite skipped="0" hostname="LAPTOP-E83JG8MC" name="Mainproject.RESTAPITest" tests="2" failures="0" timestamp="2020-12-31T11:29:31 IST" time="0.049" errors="0">
  <testcase name="PostJira" time="0.047" classname="Mainproject.RESTAPITest"/>
  <system-out/>
  <testcase name="deleteTwitter" time="0.002" classname="Mainproject.RESTAPITest"/>
  <system-out/>
</testsuite> <!-- Mainproject.RESTAPITest -->
