<?xml version="1.0" encoding="UTF-8"?>
<!-- Generated by org.testng.reporters.JUnitReportReporter -->
<testsuite skipped="0" hostname="LAPTOP-E83JG8MC" name="Mainproject.AppiumTest" tests="2" failures="0" timestamp="2020-12-31T11:29:31 IST" time="0.005" errors="0">
  <testcase name="NativeAppAndroid" time="0.004" classname="Mainproject.AppiumTest"/>
  <system-out/>
  <testcase name="IOSApps" time="0.001" classname="Mainproject.AppiumTest"/>
  <system-out/>
</testsuite> <!-- Mainproject.AppiumTest -->
